Update successful!
(node:10036) UnhandledPromiseRejectionWarning: DiscordAPIError: Cannot send an empty message
    at RequestHandler.execute (/home/pi/discordbotrun/node_modules/discord.js/src/rest/RequestHandler.js:170:25)
    at processTicksAndRejections (internal/process/task_queues.js:97:5)
(node:10036) UnhandledPromiseRejectionWarning: Unhandled promise rejection. This error originated either by throwing inside of an async function without a catch block, or by rejecting a promise which was not handled with .catch(). To terminate the node process on unhandled promise rejection, use the CLI flag `--unhandled-rejections=strict` (see https://nodejs.org/api/cli.html#cli_unhandled_rejections_mode). (rejection id: 1)
(node:10036) [DEP0018] DeprecationWarning: Unhandled promise rejections are deprecated. In the future, promise rejections that are not handled will terminate the Node.js process with a non-zero exit code.
(node:10036) UnhandledPromiseRejectionWarning: DiscordAPIError: Cannot send an empty message
    at RequestHandler.execute (/home/pi/discordbotrun/node_modules/discord.js/src/rest/RequestHandler.js:170:25)
    at processTicksAndRejections (internal/process/task_queues.js:97:5)
(node:10036) UnhandledPromiseRejectionWarning: Unhandled promise rejection. This error originated either by throwing inside of an async function without a catch block, or by rejecting a promise which was not handled with .catch(). To terminate the node process on unhandled promise rejection, use the CLI flag `--unhandled-rejections=strict` (see https://nodejs.org/api/cli.html#cli_unhandled_rejections_mode). (rejection id: 2)
(node:10036) UnhandledPromiseRejectionWarning: DiscordAPIError: Cannot send an empty message
    at RequestHandler.execute (/home/pi/discordbotrun/node_modules/discord.js/src/rest/RequestHandler.js:170:25)
    at runMicrotasks (<anonymous>)
    at processTicksAndRejections (internal/process/task_queues.js:97:5)
(node:10036) UnhandledPromiseRejectionWarning: Unhandled promise rejection. This error originated either by throwing inside of an async function without a catch block, or by rejecting a promise which was not handled with .catch(). To terminate the node process on unhandled promise rejection, use the CLI flag `--unhandled-rejections=strict` (see https://nodejs.org/api/cli.html#cli_unhandled_rejections_mode). (rejection id: 3)
(node:10036) UnhandledPromiseRejectionWarning: DiscordAPIError: Cannot send an empty message
    at RequestHandler.execute (/home/pi/discordbotrun/node_modules/discord.js/src/rest/RequestHandler.js:170:25)
    at runMicrotasks (<anonymous>)
    at processTicksAndRejections (internal/process/task_queues.js:97:5)
(node:10036) UnhandledPromiseRejectionWarning: Unhandled promise rejection. This error originated either by throwing inside of an async function without a catch block, or by rejecting a promise which was not handled with .catch(). To terminate the node process on unhandled promise rejection, use the CLI flag `--unhandled-rejections=strict` (see https://nodejs.org/api/cli.html#cli_unhandled_rejections_mode). (rejection id: 4)
